<?xml version="1.0" encoding="UTF-8"?>
<!-- Generated by org.testng.reporters.JUnitXMLReporter -->
<testsuite ignored="0" hostname="DESKTOP-2SJV0LG" failures="0" tests="10" name="ApplicationTest" time="876.812" errors="0" timestamp="2022-12-05T13:17:35 IST">
  <testcase classname="testcases.ApplicationTest" name="createApp" time="54.201"/>
  <testcase classname="testcases.ApplicationTest" name="addControls" time="75.022"/>
  <testcase classname="testcases.ApplicationTest" name="addMongoConnector" time="66.421"/>
  <testcase classname="testcases.ApplicationTest" name="addPostgreConnector" time="81.593"/>
  <testcase classname="testcases.ApplicationTest" name="addAutoApi" time="76.057"/>
  <testcase classname="testcases.ApplicationTest" name="addGraphQL" time="76.702"/>
  <testcase classname="testcases.ApplicationTest" name="ButtonFlow" time="120.732"/>
  <testcase classname="testcases.ApplicationTest" name="CheckPreview" time="81.154"/>
  <testcase classname="testcases.ApplicationTest" name="CheckPublish" time="89.956"/>
  <testcase classname="testcases.ApplicationTest" name="CheckAppImport" time="87.902"/>
</testsuite> <!-- ApplicationTest -->
