<?xml version="1.0" encoding="UTF-8"?>
<!-- Generated by org.testng.reporters.JUnitXMLReporter -->
<testsuite ignored="3" hostname="DESKTOP-2SJV0LG" failures="0" tests="3" name="mongoDB" time="130.177" errors="0" timestamp="2022-12-06T12:46:41 IST">
  <testcase classname="testcases.ConnectorsTest" name="connectionTest" time="2.616"/>
  <testcase classname="testcases.ConnectorsTest" name="saveConnection" time="4.615"/>
  <testcase classname="testcases.ConnectorsTest" name="addQuery" time="3.067"/>
  <testcase classname="testcases.ConnectorsTest" name="connectionSaveApi" time="0.0">
    <ignored/>
  </testcase> <!-- connectionSaveApi -->
  <testcase classname="testcases.ConnectorsTest" name="connectionAddApi" time="0.0">
    <ignored/>
  </testcase> <!-- connectionAddApi -->
  <testcase classname="testcases.ConnectorsTest" name="connectionTestApi" time="0.0">
    <ignored/>
  </testcase> <!-- connectionTestApi -->
</testsuite> <!-- mongoDB -->
