<?xml version="1.0" encoding="UTF-8"?>
<!-- Generated by org.testng.reporters.JUnitXMLReporter -->
<testsuite ignored="3" hostname="DESKTOP-2SJV0LG" failures="0" tests="3" name="postgre" time="117.046" errors="0" timestamp="2022-12-06T12:48:38 IST">
  <testcase classname="testcases.ConnectorsTest" name="connectionTest" time="3.922"/>
  <testcase classname="testcases.ConnectorsTest" name="saveConnection" time="5.215"/>
  <testcase classname="testcases.ConnectorsTest" name="addQuery" time="4.646"/>
  <testcase classname="testcases.ConnectorsTest" name="connectionSaveApi" time="0.0">
    <ignored/>
  </testcase> <!-- connectionSaveApi -->
  <testcase classname="testcases.ConnectorsTest" name="connectionAddApi" time="0.0">
    <ignored/>
  </testcase> <!-- connectionAddApi -->
  <testcase classname="testcases.ConnectorsTest" name="connectionTestApi" time="0.0">
    <ignored/>
  </testcase> <!-- connectionTestApi -->
</testsuite> <!-- postgre -->
