<?xml version="1.0" encoding="UTF-8"?>
<!-- Generated by org.testng.reporters.JUnitXMLReporter -->
<testsuite ignored="3" hostname="DESKTOP-2SJV0LG" failures="0" tests="3" name="GraphQL" time="139.09" errors="0" timestamp="2022-12-06T12:53:40 IST">
  <testcase classname="testcases.ConnectorsTest" name="connectionTestApi" time="2.706"/>
  <testcase classname="testcases.ConnectorsTest" name="connectionSaveApi" time="22.484"/>
  <testcase classname="testcases.ConnectorsTest" name="connectionAddApi" time="2.847"/>
  <testcase classname="testcases.ConnectorsTest" name="saveConnection" time="0.0">
    <ignored/>
  </testcase> <!-- saveConnection -->
  <testcase classname="testcases.ConnectorsTest" name="addQuery" time="0.0">
    <ignored/>
  </testcase> <!-- addQuery -->
  <testcase classname="testcases.ConnectorsTest" name="connectionTest" time="0.0">
    <ignored/>
  </testcase> <!-- connectionTest -->
</testsuite> <!-- GraphQL -->
