<?xml version="1.0" encoding="UTF-8"?>
<testng-results ignored="0" total="2" passed="2" failed="0" skipped="0">
  <reporter-output>
  </reporter-output>
  <suite started-at="2022-12-06T11:57:10 IST" name="Default suite" finished-at="2022-12-06T11:59:05 IST" duration-ms="114480">
    <groups>
    </groups>
    <test started-at="2022-12-06T11:57:10 IST" name="Default test" finished-at="2022-12-06T11:59:05 IST" duration-ms="114480">
      <class name="testcases.AddUserTest">
        <test-method is-config="true" signature="setUp()[pri:0, instance:testcases.AddUserTest@6cd28fa7]" started-at="2022-12-06T11:57:10 IST" name="setUp" finished-at="2022-12-06T11:57:20 IST" duration-ms="9831" status="PASS">
          <reporter-output>
          </reporter-output>
        </test-method> <!-- setUp -->
        <test-method signature="AddUser()[pri:0, instance:testcases.AddUserTest@6cd28fa7]" started-at="2022-12-06T11:57:20 IST" name="AddUser" finished-at="2022-12-06T11:58:28 IST" duration-ms="68117" status="PASS">
          <reporter-output>
          </reporter-output>
        </test-method> <!-- AddUser -->
        <test-method is-config="true" signature="closeBrowser(org.testng.ITestResult)[pri:0, instance:testcases.AddUserTest@6cd28fa7]" started-at="2022-12-06T11:58:28 IST" name="closeBrowser" finished-at="2022-12-06T11:58:28 IST" duration-ms="136" status="PASS">
          <params>
            <param index="0">
              <value>
                <![CDATA[[TestResult name=AddUser status=SUCCESS method=AddUserTest.AddUser()[pri:0, instance:testcases.AddUserTest@6cd28fa7] output={null}]]]>
              </value>
            </param>
          </params>
          <reporter-output>
          </reporter-output>
        </test-method> <!-- closeBrowser -->
        <test-method is-config="true" signature="setUp()[pri:0, instance:testcases.AddUserTest@6cd28fa7]" started-at="2022-12-06T11:58:28 IST" name="setUp" finished-at="2022-12-06T11:58:33 IST" duration-ms="4779" status="PASS">
          <reporter-output>
          </reporter-output>
        </test-method> <!-- setUp -->
        <test-method signature="LoginUser()[pri:0, instance:testcases.AddUserTest@6cd28fa7]" started-at="2022-12-06T11:58:33 IST" name="LoginUser" finished-at="2022-12-06T11:59:04 IST" depends-on-methods="testcases.AddUserTest.AddUser" duration-ms="31425" status="PASS">
          <reporter-output>
          </reporter-output>
        </test-method> <!-- LoginUser -->
        <test-method is-config="true" signature="closeBrowser(org.testng.ITestResult)[pri:0, instance:testcases.AddUserTest@6cd28fa7]" started-at="2022-12-06T11:59:04 IST" name="closeBrowser" finished-at="2022-12-06T11:59:05 IST" duration-ms="128" status="PASS">
          <params>
            <param index="0">
              <value>
                <![CDATA[[TestResult name=LoginUser status=SUCCESS method=AddUserTest.LoginUser()[pri:0, instance:testcases.AddUserTest@6cd28fa7] output={null}]]]>
              </value>
            </param>
          </params>
          <reporter-output>
          </reporter-output>
        </test-method> <!-- closeBrowser -->
      </class> <!-- testcases.AddUserTest -->
    </test> <!-- Default test -->
  </suite> <!-- Default suite -->
</testng-results>
