<?xml version="1.0" encoding="UTF-8" ?>
<testsuite tests="35" failures="4" name="TestSuite" time="433.307" errors="0" skipped="22">
  <properties>
[...]
</properties>
  <testcase classname="testcases.ConnectorsTest" name="connectionTest" time="15.355"/>
  <testcase classname="testcases.ConnectorsTest" name="saveConnection" time="9.63"/>
  <testcase classname="testcases.ConnectorsTest" name="addQuery" time="13.283"/>
  <testcase classname="testcases.ConnectorsTest" name="connectionTest" time="10.381"/>
  <testcase classname="testcases.ConnectorsTest" name="saveConnection" time="16.749"/>
  <testcase classname="testcases.ConnectorsTest" name="addQuery" time="11.393"/>
  <testcase classname="testcases.ConnectorsTest" name="connectionTestApi" time="11.995"/>
  <testcase classname="testcases.ConnectorsTest" name="setUp" time="86.911">
    <failure message="no such element: Unable to locate element: {&quot;method&quot;:&quot;css selector&quot;,&quot;selector&quot;:&quot;#email&quot;}
  (Session info: headless chrome=103.0.5060.114)
For documentation on this error, please visit: https://selenium.dev/exceptions/#no_such_element
Build info: version: &apos;4.1.2&apos;, revision: &apos;9a5a329c5a&apos;
System info: host: &apos;DESKTOP-SVJDG53&apos;, ip: &apos;192.168.56.1&apos;, os.name: &apos;Windows 10&apos;, os.arch: &apos;amd64&apos;, os.version: &apos;10.0&apos;, java.version: &apos;11.0.13&apos;
Driver info: org.openqa.selenium.chrome.ChromeDriver
Command: [480ea05b3183aa312efa85b1b67b4030, findElement {using=id, value=email}]
Capabilities {acceptInsecureCerts: false, browserName: chrome, browserVersion: 103.0.5060.114, chrome: {chromedriverVersion: 102.0.5005.61 (0e59bcc00cc4..., userDataDir: C:\Users\popst\AppData\Loca...}, goog:chromeOptions: {debuggerAddress: localhost:61994}, javascriptEnabled: true, networkConnectionEnabled: false, pageLoadStrategy: normal, platform: WINDOWS, platformName: WINDOWS, proxy: Proxy(), se:cdp: ws://localhost:61994/devtoo..., se:cdpVersion: 103.0.5060.114, setWindowRect: true, strictFileInteractability: false, timeouts: {implicit: 0, pageLoad: 300000, script: 30000}, unhandledPromptBehavior: dismiss and notify, webauthn:extension:credBlob: true, webauthn:extension:largeBlob: true, webauthn:virtualAuthenticators: true}
Session ID: 480ea05b3183aa312efa85b1b67b4030" type="org.openqa.selenium.NoSuchElementException">org.openqa.selenium.NoSuchElementException: no such element: Unable to locate element: {&quot;method&quot;:&quot;css selector&quot;,&quot;selector&quot;:&quot;#email&quot;}
  (Session info: headless chrome=103.0.5060.114)
For documentation on this error, please visit: https://selenium.dev/exceptions/#no_such_element
Build info: version: &apos;4.1.2&apos;, revision: &apos;9a5a329c5a&apos;
System info: host: &apos;DESKTOP-SVJDG53&apos;, ip: &apos;192.168.56.1&apos;, os.name: &apos;Windows 10&apos;, os.arch: &apos;amd64&apos;, os.version: &apos;10.0&apos;, java.version: &apos;11.0.13&apos;
Driver info: org.openqa.selenium.chrome.ChromeDriver
Command: [480ea05b3183aa312efa85b1b67b4030, findElement {using=id, value=email}]
Capabilities {acceptInsecureCerts: false, browserName: chrome, browserVersion: 103.0.5060.114, chrome: {chromedriverVersion: 102.0.5005.61 (0e59bcc00cc4..., userDataDir: C:\Users\popst\AppData\Loca...}, goog:chromeOptions: {debuggerAddress: localhost:61994}, javascriptEnabled: true, networkConnectionEnabled: false, pageLoadStrategy: normal, platform: WINDOWS, platformName: WINDOWS, proxy: Proxy(), se:cdp: ws://localhost:61994/devtoo..., se:cdpVersion: 103.0.5060.114, setWindowRect: true, strictFileInteractability: false, timeouts: {implicit: 0, pageLoad: 300000, script: 30000}, unhandledPromptBehavior: dismiss and notify, webauthn:extension:credBlob: true, webauthn:extension:largeBlob: true, webauthn:virtualAuthenticators: true}
Session ID: 480ea05b3183aa312efa85b1b67b4030
	at java.base/jdk.internal.reflect.NativeConstructorAccessorImpl.newInstance0(Native Method)
	at java.base/jdk.internal.reflect.NativeConstructorAccessorImpl.newInstance(NativeConstructorAccessorImpl.java:62)
	at java.base/jdk.internal.reflect.DelegatingConstructorAccessorImpl.newInstance(DelegatingConstructorAccessorImpl.java:45)
	at java.base/java.lang.reflect.Constructor.newInstance(Constructor.java:490)
	at org.openqa.selenium.remote.codec.w3c.W3CHttpResponseCodec.createException(W3CHttpResponseCodec.java:200)
	at org.openqa.selenium.remote.codec.w3c.W3CHttpResponseCodec.decode(W3CHttpResponseCodec.java:133)
	at org.openqa.selenium.remote.codec.w3c.W3CHttpResponseCodec.decode(W3CHttpResponseCodec.java:53)
	at org.openqa.selenium.remote.HttpCommandExecutor.execute(HttpCommandExecutor.java:184)
	at org.openqa.selenium.remote.service.DriverCommandExecutor.invokeExecute(DriverCommandExecutor.java:167)
	at org.openqa.selenium.remote.service.DriverCommandExecutor.execute(DriverCommandExecutor.java:142)
	at org.openqa.selenium.remote.RemoteWebDriver.execute(RemoteWebDriver.java:558)
	at org.openqa.selenium.remote.ElementLocation$ElementFinder$2.findElement(ElementLocation.java:162)
	at org.openqa.selenium.remote.ElementLocation.findElement(ElementLocation.java:66)
	at org.openqa.selenium.remote.RemoteWebDriver.findElement(RemoteWebDriver.java:382)
	at org.openqa.selenium.remote.RemoteWebDriver.findElement(RemoteWebDriver.java:374)
	at com.dao.UserLogin.login(UserLogin.java:18)
	at testcases.ConnectorsTest.setUp(ConnectorsTest.java:96)
</failure>
    <system-out>2022-07-14 17:32:59.076
file:/D:/Nitin/DronaDeletecs/selenium/workspace/SmokeAutomation/target/classes/Automation.xlsx
file:/D:/Nitin/DronaDeletecs/selenium/workspace/SmokeAutomation/target/classes/chromedriver.exe
file:/D:/Nitin/DronaDeletecs/selenium/workspace/SmokeAutomation/target/classes/TimeConfig.properties
inside Login
</system-out>
    <system-err>Starting ChromeDriver 102.0.5005.61 (0e59bcc00cc4985ce39ad31c150065f159d95ad3-refs/branch-heads/5005@{#819}) on port 52861
Only local connections are allowed.
Please see https://chromedriver.chromium.org/security-considerations for suggestions on keeping ChromeDriver safe.
ChromeDriver was started successfully.
[1657800213.179][WARNING]: This version of ChromeDriver has not been tested with Chrome version 103.
Jul 14, 2022 5:33:34 PM org.openqa.selenium.remote.ProtocolHandshake createSession
INFO: Detected dialect: W3C
Jul 14, 2022 5:33:34 PM org.openqa.selenium.devtools.CdpVersionFinder findNearestMatch
WARNING: Unable to find an exact match for CDP version 103, so returning the closest version found: a no-op implementation
Jul 14, 2022 5:33:34 PM org.openqa.selenium.devtools.CdpVersionFinder findNearestMatch
INFO: Unable to find CDP implementation matching 103.
Jul 14, 2022 5:33:34 PM org.openqa.selenium.chromium.ChromiumDriver lambda$new$3
WARNING: Unable to find version of CDP to use for . You may need to include a dependency on a specific version of the CDP using something similar to `org.seleniumhq.selenium:selenium-devtools-v86:4.1.2` where the version (&quot;v86&quot;) matches the version of the chromium-based browser you&apos;re using and the version number of the artifact is the same as Selenium&apos;s.
</system-err>
  </testcase>
  <testcase classname="testcases.ConnectorsTest" name="connectionSaveApi" time="0">
    <skipped/>
  </testcase>
  <testcase classname="testcases.ConnectorsTest" name="driverClose" time="0.001">
    <skipped/>
  </testcase>
  <testcase classname="testcases.ConnectorsTest" name="setUp" time="0.001">
    <skipped/>
  </testcase>
  <testcase classname="testcases.ConnectorsTest" name="connectionAddApi" time="0">
    <skipped/>
  </testcase>
  <testcase classname="testcases.ConnectorsTest" name="driverClose" time="0">
    <skipped/>
  </testcase>
  <testcase classname="testcases.ConnectorsTest" name="connectionTestApi" time="11.345"/>
  <testcase classname="testcases.ConnectorsTest" name="connectionSaveApi" time="24.947"/>
  <testcase classname="testcases.ConnectorsTest" name="connectionAddApi" time="10.171">
    <failure message="no such element: Unable to locate element: {&quot;method&quot;:&quot;xpath&quot;,&quot;selector&quot;:&quot;//*[text()=&apos;AutoGraphQL&apos;]/ancestor-or-self::div[@class=&apos;table-row&apos;]/div/div[4]/div&quot;}
  (Session info: headless chrome=103.0.5060.114)
For documentation on this error, please visit: https://selenium.dev/exceptions/#no_such_element
Build info: version: &apos;4.1.2&apos;, revision: &apos;9a5a329c5a&apos;
System info: host: &apos;DESKTOP-SVJDG53&apos;, ip: &apos;192.168.56.1&apos;, os.name: &apos;Windows 10&apos;, os.arch: &apos;amd64&apos;, os.version: &apos;10.0&apos;, java.version: &apos;11.0.13&apos;
Driver info: org.openqa.selenium.chrome.ChromeDriver
Command: [056bb4c04c1f705b32c295a4fd9aff93, findElement {using=xpath, value=//*[text()=&apos;AutoGraphQL&apos;]/ancestor-or-self::div[@class=&apos;table-row&apos;]/div/div[4]/div}]
Capabilities {acceptInsecureCerts: false, browserName: chrome, browserVersion: 103.0.5060.114, chrome: {chromedriverVersion: 102.0.5005.61 (0e59bcc00cc4..., userDataDir: C:\Users\popst\AppData\Loca...}, goog:chromeOptions: {debuggerAddress: localhost:62720}, javascriptEnabled: true, networkConnectionEnabled: false, pageLoadStrategy: normal, platform: WINDOWS, platformName: WINDOWS, proxy: Proxy(), se:cdp: ws://localhost:62720/devtoo..., se:cdpVersion: 103.0.5060.114, setWindowRect: true, strictFileInteractability: false, timeouts: {implicit: 0, pageLoad: 300000, script: 30000}, unhandledPromptBehavior: dismiss and notify, webauthn:extension:credBlob: true, webauthn:extension:largeBlob: true, webauthn:virtualAuthenticators: true}
Session ID: 056bb4c04c1f705b32c295a4fd9aff93" type="org.openqa.selenium.NoSuchElementException">org.openqa.selenium.NoSuchElementException: no such element: Unable to locate element: {&quot;method&quot;:&quot;xpath&quot;,&quot;selector&quot;:&quot;//*[text()=&apos;AutoGraphQL&apos;]/ancestor-or-self::div[@class=&apos;table-row&apos;]/div/div[4]/div&quot;}
  (Session info: headless chrome=103.0.5060.114)
For documentation on this error, please visit: https://selenium.dev/exceptions/#no_such_element
Build info: version: &apos;4.1.2&apos;, revision: &apos;9a5a329c5a&apos;
System info: host: &apos;DESKTOP-SVJDG53&apos;, ip: &apos;192.168.56.1&apos;, os.name: &apos;Windows 10&apos;, os.arch: &apos;amd64&apos;, os.version: &apos;10.0&apos;, java.version: &apos;11.0.13&apos;
Driver info: org.openqa.selenium.chrome.ChromeDriver
Command: [056bb4c04c1f705b32c295a4fd9aff93, findElement {using=xpath, value=//*[text()=&apos;AutoGraphQL&apos;]/ancestor-or-self::div[@class=&apos;table-row&apos;]/div/div[4]/div}]
Capabilities {acceptInsecureCerts: false, browserName: chrome, browserVersion: 103.0.5060.114, chrome: {chromedriverVersion: 102.0.5005.61 (0e59bcc00cc4..., userDataDir: C:\Users\popst\AppData\Loca...}, goog:chromeOptions: {debuggerAddress: localhost:62720}, javascriptEnabled: true, networkConnectionEnabled: false, pageLoadStrategy: normal, platform: WINDOWS, platformName: WINDOWS, proxy: Proxy(), se:cdp: ws://localhost:62720/devtoo..., se:cdpVersion: 103.0.5060.114, setWindowRect: true, strictFileInteractability: false, timeouts: {implicit: 0, pageLoad: 300000, script: 30000}, unhandledPromptBehavior: dismiss and notify, webauthn:extension:credBlob: true, webauthn:extension:largeBlob: true, webauthn:virtualAuthenticators: true}
Session ID: 056bb4c04c1f705b32c295a4fd9aff93
	at java.base/jdk.internal.reflect.NativeConstructorAccessorImpl.newInstance0(Native Method)
	at java.base/jdk.internal.reflect.NativeConstructorAccessorImpl.newInstance(NativeConstructorAccessorImpl.java:62)
	at java.base/jdk.internal.reflect.DelegatingConstructorAccessorImpl.newInstance(DelegatingConstructorAccessorImpl.java:45)
	at java.base/java.lang.reflect.Constructor.newInstance(Constructor.java:490)
	at org.openqa.selenium.remote.codec.w3c.W3CHttpResponseCodec.createException(W3CHttpResponseCodec.java:200)
	at org.openqa.selenium.remote.codec.w3c.W3CHttpResponseCodec.decode(W3CHttpResponseCodec.java:133)
	at org.openqa.selenium.remote.codec.w3c.W3CHttpResponseCodec.decode(W3CHttpResponseCodec.java:53)
	at org.openqa.selenium.remote.HttpCommandExecutor.execute(HttpCommandExecutor.java:184)
	at org.openqa.selenium.remote.service.DriverCommandExecutor.invokeExecute(DriverCommandExecutor.java:167)
	at org.openqa.selenium.remote.service.DriverCommandExecutor.execute(DriverCommandExecutor.java:142)
	at org.openqa.selenium.remote.RemoteWebDriver.execute(RemoteWebDriver.java:558)
	at org.openqa.selenium.remote.ElementLocation$ElementFinder$2.findElement(ElementLocation.java:162)
	at org.openqa.selenium.remote.ElementLocation.findElement(ElementLocation.java:60)
	at org.openqa.selenium.remote.RemoteWebDriver.findElement(RemoteWebDriver.java:382)
	at org.openqa.selenium.remote.RemoteWebDriver.findElement(RemoteWebDriver.java:374)
	at com.connectors.AddingConnector.connectorDetails_graphql(AddingConnector.java:369)
	at testcases.ConnectorsTest.connectionAddApi(ConnectorsTest.java:210)
</failure>
    <system-out>2022-07-14 17:43:57.627
file:/D:/Nitin/DronaDeletecs/selenium/workspace/SmokeAutomation/target/classes/Automation.xlsx
file:/D:/Nitin/DronaDeletecs/selenium/workspace/SmokeAutomation/target/classes/chromedriver.exe
file:/D:/Nitin/DronaDeletecs/selenium/workspace/SmokeAutomation/target/classes/TimeConfig.properties
inside Login
inside navigate to connector
file:/D:/Nitin/DronaDeletecs/selenium/workspace/SmokeAutomation/target/classes/Automation.xlsx
</system-out>
    <system-err>Starting ChromeDriver 102.0.5005.61 (0e59bcc00cc4985ce39ad31c150065f159d95ad3-refs/branch-heads/5005@{#819}) on port 49529
Only local connections are allowed.
Please see https://chromedriver.chromium.org/security-considerations for suggestions on keeping ChromeDriver safe.
ChromeDriver was started successfully.
[1657800850.006][WARNING]: This version of ChromeDriver has not been tested with Chrome version 103.
Jul 14, 2022 5:44:10 PM org.openqa.selenium.remote.ProtocolHandshake createSession
INFO: Detected dialect: W3C
Jul 14, 2022 5:44:10 PM org.openqa.selenium.devtools.CdpVersionFinder findNearestMatch
WARNING: Unable to find an exact match for CDP version 103, so returning the closest version found: a no-op implementation
Jul 14, 2022 5:44:10 PM org.openqa.selenium.devtools.CdpVersionFinder findNearestMatch
INFO: Unable to find CDP implementation matching 103.
Jul 14, 2022 5:44:10 PM org.openqa.selenium.chromium.ChromiumDriver lambda$new$3
WARNING: Unable to find version of CDP to use for . You may need to include a dependency on a specific version of the CDP using something similar to `org.seleniumhq.selenium:selenium-devtools-v86:4.1.2` where the version (&quot;v86&quot;) matches the version of the chromium-based browser you&apos;re using and the version number of the artifact is the same as Selenium&apos;s.
[1657801174.429][SEVERE]: Timed out receiving message from renderer: 300.000
[1657801174.430][SEVERE]: Timed out receiving message from renderer: 300.000
</system-err>
  </testcase>
  <testcase classname="testcases.ApplicationTest" name="setUp" time="72.444">
    <failure message="no such element: Unable to locate element: {&quot;method&quot;:&quot;css selector&quot;,&quot;selector&quot;:&quot;#email&quot;}
  (Session info: headless chrome=103.0.5060.114)
For documentation on this error, please visit: https://selenium.dev/exceptions/#no_such_element
Build info: version: &apos;4.1.2&apos;, revision: &apos;9a5a329c5a&apos;
System info: host: &apos;DESKTOP-SVJDG53&apos;, ip: &apos;192.168.56.1&apos;, os.name: &apos;Windows 10&apos;, os.arch: &apos;amd64&apos;, os.version: &apos;10.0&apos;, java.version: &apos;11.0.13&apos;
Driver info: org.openqa.selenium.chrome.ChromeDriver
Command: [7c578ba6887f287508c07a7d1f19152c, findElement {using=id, value=email}]
Capabilities {acceptInsecureCerts: false, browserName: chrome, browserVersion: 103.0.5060.114, chrome: {chromedriverVersion: 102.0.5005.61 (0e59bcc00cc4..., userDataDir: C:\Users\popst\AppData\Loca...}, goog:chromeOptions: {debuggerAddress: localhost:63158}, javascriptEnabled: true, networkConnectionEnabled: false, pageLoadStrategy: normal, platform: WINDOWS, platformName: WINDOWS, proxy: Proxy(), se:cdp: ws://localhost:63158/devtoo..., se:cdpVersion: 103.0.5060.114, setWindowRect: true, strictFileInteractability: false, timeouts: {implicit: 0, pageLoad: 300000, script: 30000}, unhandledPromptBehavior: dismiss and notify, webauthn:extension:credBlob: true, webauthn:extension:largeBlob: true, webauthn:virtualAuthenticators: true}
Session ID: 7c578ba6887f287508c07a7d1f19152c" type="org.openqa.selenium.NoSuchElementException">org.openqa.selenium.NoSuchElementException: no such element: Unable to locate element: {&quot;method&quot;:&quot;css selector&quot;,&quot;selector&quot;:&quot;#email&quot;}
  (Session info: headless chrome=103.0.5060.114)
For documentation on this error, please visit: https://selenium.dev/exceptions/#no_such_element
Build info: version: &apos;4.1.2&apos;, revision: &apos;9a5a329c5a&apos;
System info: host: &apos;DESKTOP-SVJDG53&apos;, ip: &apos;192.168.56.1&apos;, os.name: &apos;Windows 10&apos;, os.arch: &apos;amd64&apos;, os.version: &apos;10.0&apos;, java.version: &apos;11.0.13&apos;
Driver info: org.openqa.selenium.chrome.ChromeDriver
Command: [7c578ba6887f287508c07a7d1f19152c, findElement {using=id, value=email}]
Capabilities {acceptInsecureCerts: false, browserName: chrome, browserVersion: 103.0.5060.114, chrome: {chromedriverVersion: 102.0.5005.61 (0e59bcc00cc4..., userDataDir: C:\Users\popst\AppData\Loca...}, goog:chromeOptions: {debuggerAddress: localhost:63158}, javascriptEnabled: true, networkConnectionEnabled: false, pageLoadStrategy: normal, platform: WINDOWS, platformName: WINDOWS, proxy: Proxy(), se:cdp: ws://localhost:63158/devtoo..., se:cdpVersion: 103.0.5060.114, setWindowRect: true, strictFileInteractability: false, timeouts: {implicit: 0, pageLoad: 300000, script: 30000}, unhandledPromptBehavior: dismiss and notify, webauthn:extension:credBlob: true, webauthn:extension:largeBlob: true, webauthn:virtualAuthenticators: true}
Session ID: 7c578ba6887f287508c07a7d1f19152c
	at java.base/jdk.internal.reflect.NativeConstructorAccessorImpl.newInstance0(Native Method)
	at java.base/jdk.internal.reflect.NativeConstructorAccessorImpl.newInstance(NativeConstructorAccessorImpl.java:62)
	at java.base/jdk.internal.reflect.DelegatingConstructorAccessorImpl.newInstance(DelegatingConstructorAccessorImpl.java:45)
	at java.base/java.lang.reflect.Constructor.newInstance(Constructor.java:490)
	at org.openqa.selenium.remote.codec.w3c.W3CHttpResponseCodec.createException(W3CHttpResponseCodec.java:200)
	at org.openqa.selenium.remote.codec.w3c.W3CHttpResponseCodec.decode(W3CHttpResponseCodec.java:133)
	at org.openqa.selenium.remote.codec.w3c.W3CHttpResponseCodec.decode(W3CHttpResponseCodec.java:53)
	at org.openqa.selenium.remote.HttpCommandExecutor.execute(HttpCommandExecutor.java:184)
	at org.openqa.selenium.remote.service.DriverCommandExecutor.invokeExecute(DriverCommandExecutor.java:167)
	at org.openqa.selenium.remote.service.DriverCommandExecutor.execute(DriverCommandExecutor.java:142)
	at org.openqa.selenium.remote.RemoteWebDriver.execute(RemoteWebDriver.java:558)
	at org.openqa.selenium.remote.ElementLocation$ElementFinder$2.findElement(ElementLocation.java:162)
	at org.openqa.selenium.remote.ElementLocation.findElement(ElementLocation.java:66)
	at org.openqa.selenium.remote.RemoteWebDriver.findElement(RemoteWebDriver.java:382)
	at org.openqa.selenium.remote.RemoteWebDriver.findElement(RemoteWebDriver.java:374)
	at com.dao.UserLogin.login(UserLogin.java:18)
	at testcases.ApplicationTest.setUp(ApplicationTest.java:74)
</failure>
    <system-out>GraphQL connectionAddApi
Test Case Name: GraphQL_connectionAddApi
***Placed screen shot in .\screenshot ***
2022-07-14 17:49:50.976
file:/D:/Nitin/DronaDeletecs/selenium/workspace/SmokeAutomation/target/classes/Automation.xlsx
file:/D:/Nitin/DronaDeletecs/selenium/workspace/SmokeAutomation/target/classes/chromedriver.exe
file:/D:/Nitin/DronaDeletecs/selenium/workspace/SmokeAutomation/target/classes/TimeConfig.properties
inside Login
</system-out>
    <system-err>Starting ChromeDriver 102.0.5005.61 (0e59bcc00cc4985ce39ad31c150065f159d95ad3-refs/branch-heads/5005@{#819}) on port 58336
Only local connections are allowed.
Please see https://chromedriver.chromium.org/security-considerations for suggestions on keeping ChromeDriver safe.
ChromeDriver was started successfully.
[1657801212.921][WARNING]: This version of ChromeDriver has not been tested with Chrome version 103.
Jul 14, 2022 5:50:14 PM org.openqa.selenium.remote.ProtocolHandshake createSession
INFO: Detected dialect: W3C
Jul 14, 2022 5:50:14 PM org.openqa.selenium.devtools.CdpVersionFinder findNearestMatch
WARNING: Unable to find an exact match for CDP version 103, so returning the closest version found: a no-op implementation
Jul 14, 2022 5:50:14 PM org.openqa.selenium.devtools.CdpVersionFinder findNearestMatch
INFO: Unable to find CDP implementation matching 103.
Jul 14, 2022 5:50:14 PM org.openqa.selenium.chromium.ChromiumDriver lambda$new$3
WARNING: Unable to find version of CDP to use for . You may need to include a dependency on a specific version of the CDP using something similar to `org.seleniumhq.selenium:selenium-devtools-v86:4.1.2` where the version (&quot;v86&quot;) matches the version of the chromium-based browser you&apos;re using and the version number of the artifact is the same as Selenium&apos;s.
</system-err>
  </testcase>
  <testcase classname="testcases.ApplicationTest" name="CheckAppImport" time="0">
    <skipped/>
  </testcase>
  <testcase classname="testcases.ApplicationTest" name="closeBrowser" time="0.001">
    <skipped/>
  </testcase>
  <testcase classname="testcases.ApplicationTest" name="setUp" time="0.001">
    <skipped/>
  </testcase>
  <testcase classname="testcases.ApplicationTest" name="createApp" time="0">
    <skipped/>
  </testcase>
  <testcase classname="testcases.ApplicationTest" name="closeBrowser" time="0">
    <skipped/>
  </testcase>
  <testcase classname="testcases.ApplicationTest" name="addControls" time="0">
    <skipped/>
  </testcase>
  <testcase classname="testcases.ApplicationTest" name="addMongoConnector" time="0.001">
    <skipped/>
  </testcase>
  <testcase classname="testcases.ApplicationTest" name="addPostgreConnector" time="0">
    <skipped/>
  </testcase>
  <testcase classname="testcases.ApplicationTest" name="addAutoApi" time="0">
    <skipped/>
  </testcase>
  <testcase classname="testcases.ApplicationTest" name="addGraphQL" time="0">
    <skipped/>
  </testcase>
  <testcase classname="testcases.ApplicationTest" name="setUp" time="0.008">
    <skipped/>
  </testcase>
  <testcase classname="testcases.ApplicationTest" name="CheckPreview" time="0">
    <skipped/>
  </testcase>
  <testcase classname="testcases.ApplicationTest" name="closeBrowser" time="0">
    <skipped/>
  </testcase>
  <testcase classname="testcases.ApplicationTest" name="setUp" time="0.002">
    <skipped/>
  </testcase>
  <testcase classname="testcases.ApplicationTest" name="CheckPublish" time="0">
    <skipped/>
  </testcase>
  <testcase classname="testcases.ApplicationTest" name="closeBrowser" time="0">
    <skipped/>
  </testcase>
  <testcase classname="testcases.AddUserTest" name="AddUser" time="138.688">
    <failure message="no such element: Unable to locate element: {&quot;method&quot;:&quot;xpath&quot;,&quot;selector&quot;:&quot;//div[@class=&apos;sidebar-options&apos;]/div[@data-header=&apos;Users&apos;]&quot;}
  (Session info: headless chrome=103.0.5060.114)
For documentation on this error, please visit: https://selenium.dev/exceptions/#no_such_element
Build info: version: &apos;4.1.2&apos;, revision: &apos;9a5a329c5a&apos;
System info: host: &apos;DESKTOP-SVJDG53&apos;, ip: &apos;192.168.56.1&apos;, os.name: &apos;Windows 10&apos;, os.arch: &apos;amd64&apos;, os.version: &apos;10.0&apos;, java.version: &apos;11.0.13&apos;
Driver info: org.openqa.selenium.chrome.ChromeDriver
Command: [9241e23537e8e5f5d434d04ddad18a47, findElement {using=xpath, value=//div[@class=&apos;sidebar-options&apos;]/div[@data-header=&apos;Users&apos;]}]
Capabilities {acceptInsecureCerts: false, browserName: chrome, browserVersion: 103.0.5060.114, chrome: {chromedriverVersion: 102.0.5005.61 (0e59bcc00cc4..., userDataDir: C:\Users\popst\AppData\Loca...}, goog:chromeOptions: {debuggerAddress: localhost:63204}, javascriptEnabled: true, networkConnectionEnabled: false, pageLoadStrategy: normal, platform: WINDOWS, platformName: WINDOWS, proxy: Proxy(), se:cdp: ws://localhost:63204/devtoo..., se:cdpVersion: 103.0.5060.114, setWindowRect: true, strictFileInteractability: false, timeouts: {implicit: 0, pageLoad: 300000, script: 30000}, unhandledPromptBehavior: dismiss and notify, webauthn:extension:credBlob: true, webauthn:extension:largeBlob: true, webauthn:virtualAuthenticators: true}
Session ID: 9241e23537e8e5f5d434d04ddad18a47" type="org.openqa.selenium.NoSuchElementException">org.openqa.selenium.NoSuchElementException: no such element: Unable to locate element: {&quot;method&quot;:&quot;xpath&quot;,&quot;selector&quot;:&quot;//div[@class=&apos;sidebar-options&apos;]/div[@data-header=&apos;Users&apos;]&quot;}
  (Session info: headless chrome=103.0.5060.114)
For documentation on this error, please visit: https://selenium.dev/exceptions/#no_such_element
Build info: version: &apos;4.1.2&apos;, revision: &apos;9a5a329c5a&apos;
System info: host: &apos;DESKTOP-SVJDG53&apos;, ip: &apos;192.168.56.1&apos;, os.name: &apos;Windows 10&apos;, os.arch: &apos;amd64&apos;, os.version: &apos;10.0&apos;, java.version: &apos;11.0.13&apos;
Driver info: org.openqa.selenium.chrome.ChromeDriver
Command: [9241e23537e8e5f5d434d04ddad18a47, findElement {using=xpath, value=//div[@class=&apos;sidebar-options&apos;]/div[@data-header=&apos;Users&apos;]}]
Capabilities {acceptInsecureCerts: false, browserName: chrome, browserVersion: 103.0.5060.114, chrome: {chromedriverVersion: 102.0.5005.61 (0e59bcc00cc4..., userDataDir: C:\Users\popst\AppData\Loca...}, goog:chromeOptions: {debuggerAddress: localhost:63204}, javascriptEnabled: true, networkConnectionEnabled: false, pageLoadStrategy: normal, platform: WINDOWS, platformName: WINDOWS, proxy: Proxy(), se:cdp: ws://localhost:63204/devtoo..., se:cdpVersion: 103.0.5060.114, setWindowRect: true, strictFileInteractability: false, timeouts: {implicit: 0, pageLoad: 300000, script: 30000}, unhandledPromptBehavior: dismiss and notify, webauthn:extension:credBlob: true, webauthn:extension:largeBlob: true, webauthn:virtualAuthenticators: true}
Session ID: 9241e23537e8e5f5d434d04ddad18a47
	at jdk.internal.reflect.GeneratedConstructorAccessor46.newInstance(Unknown Source)
	at java.base/jdk.internal.reflect.DelegatingConstructorAccessorImpl.newInstance(DelegatingConstructorAccessorImpl.java:45)
	at java.base/java.lang.reflect.Constructor.newInstance(Constructor.java:490)
	at org.openqa.selenium.remote.codec.w3c.W3CHttpResponseCodec.createException(W3CHttpResponseCodec.java:200)
	at org.openqa.selenium.remote.codec.w3c.W3CHttpResponseCodec.decode(W3CHttpResponseCodec.java:133)
	at org.openqa.selenium.remote.codec.w3c.W3CHttpResponseCodec.decode(W3CHttpResponseCodec.java:53)
	at org.openqa.selenium.remote.HttpCommandExecutor.execute(HttpCommandExecutor.java:184)
	at org.openqa.selenium.remote.service.DriverCommandExecutor.invokeExecute(DriverCommandExecutor.java:167)
	at org.openqa.selenium.remote.service.DriverCommandExecutor.execute(DriverCommandExecutor.java:142)
	at org.openqa.selenium.remote.RemoteWebDriver.execute(RemoteWebDriver.java:558)
	at org.openqa.selenium.remote.ElementLocation$ElementFinder$2.findElement(ElementLocation.java:162)
	at org.openqa.selenium.remote.ElementLocation.findElement(ElementLocation.java:60)
	at org.openqa.selenium.remote.RemoteWebDriver.findElement(RemoteWebDriver.java:382)
	at org.openqa.selenium.remote.RemoteWebDriver.findElement(RemoteWebDriver.java:374)
	at com.manageusers.AddCheckUsers.addCheckUser(AddCheckUsers.java:30)
	at testcases.AddUserTest.AddUser(AddUserTest.java:66)
</failure>
    <system-out>2022-07-14 17:50:48.787
file:/D:/Nitin/DronaDeletecs/selenium/workspace/SmokeAutomation/target/classes/chromedriver.exe
inside Login
</system-out>
    <system-err>Starting ChromeDriver 102.0.5005.61 (0e59bcc00cc4985ce39ad31c150065f159d95ad3-refs/branch-heads/5005@{#819}) on port 60246
Only local connections are allowed.
Please see https://chromedriver.chromium.org/security-considerations for suggestions on keeping ChromeDriver safe.
ChromeDriver was started successfully.
[1657801251.778][WARNING]: This version of ChromeDriver has not been tested with Chrome version 103.
Jul 14, 2022 5:50:51 PM org.openqa.selenium.remote.ProtocolHandshake createSession
INFO: Detected dialect: W3C
Jul 14, 2022 5:50:53 PM org.openqa.selenium.devtools.CdpVersionFinder findNearestMatch
WARNING: Unable to find an exact match for CDP version 103, so returning the closest version found: a no-op implementation
Jul 14, 2022 5:50:53 PM org.openqa.selenium.devtools.CdpVersionFinder findNearestMatch
INFO: Unable to find CDP implementation matching 103.
Jul 14, 2022 5:50:53 PM org.openqa.selenium.chromium.ChromiumDriver lambda$new$3
WARNING: Unable to find version of CDP to use for . You may need to include a dependency on a specific version of the CDP using something similar to `org.seleniumhq.selenium:selenium-devtools-v86:4.1.2` where the version (&quot;v86&quot;) matches the version of the chromium-based browser you&apos;re using and the version number of the artifact is the same as Selenium&apos;s.
</system-err>
  </testcase>
  <testcase classname="testcases.AddUserTest" name="LoginUser" time="0">
    <skipped/>
    <system-out>Test Case Name: AddUser
***Placed screen shot in .\screenshot ***
</system-out>
  </testcase>
</testsuite>