<?xml version="1.0" encoding="UTF-8"?>
<!-- Generated by org.testng.reporters.JUnitXMLReporter -->
<testsuite ignored="5" hostname="DESKTOP-SVJDG53" failures="0" tests="1" name="googleSheet" time="80.055" errors="0" timestamp="2022-03-31T17:54:13 IST">
  <testcase classname="testcases.ConnectorsTest" name="saveConnection" time="40.808"/>
  <testcase classname="testcases.ConnectorsTest" name="connectionSaveApi" time="0.0">
    <ignored/>
  </testcase> <!-- connectionSaveApi -->
  <testcase classname="testcases.ConnectorsTest" name="connectionTestApi" time="0.0">
    <ignored/>
  </testcase> <!-- connectionTestApi -->
  <testcase classname="testcases.ConnectorsTest" name="addQuery" time="0.0">
    <ignored/>
  </testcase> <!-- addQuery -->
  <testcase classname="testcases.ConnectorsTest" name="connectionTest" time="0.0">
    <ignored/>
  </testcase> <!-- connectionTest -->
  <testcase classname="testcases.ConnectorsTest" name="connectionAddApi" time="0.0">
    <ignored/>
  </testcase> <!-- connectionAddApi -->
</testsuite> <!-- googleSheet -->
