<?xml version="1.0" encoding="UTF-8"?>
<!-- Generated by org.testng.reporters.JUnitXMLReporter -->
<testsuite ignored="3" hostname="DESKTOP-SVJDG53" failures="0" tests="3" name="mongoDB" time="769.95" errors="0" timestamp="2022-07-14T17:17:33 IST">
  <testcase classname="testcases.ConnectorsTest" name="connectionTest" time="15.352"/>
  <testcase classname="testcases.ConnectorsTest" name="saveConnection" time="9.634"/>
  <testcase classname="testcases.ConnectorsTest" name="addQuery" time="13.281"/>
  <testcase classname="testcases.ConnectorsTest" name="connectionSaveApi" time="0.0">
    <ignored/>
  </testcase> <!-- connectionSaveApi -->
  <testcase classname="testcases.ConnectorsTest" name="connectionTestApi" time="0.0">
    <ignored/>
  </testcase> <!-- connectionTestApi -->
  <testcase classname="testcases.ConnectorsTest" name="connectionAddApi" time="0.0">
    <ignored/>
  </testcase> <!-- connectionAddApi -->
</testsuite> <!-- mongoDB -->
