<?xml version="1.0" encoding="UTF-8"?>
<!-- Generated by org.testng.reporters.JUnitXMLReporter -->
<testsuite ignored="3" hostname="DESKTOP-SVJDG53" failures="0" tests="3" name="postgre" time="622.107" errors="0" timestamp="2022-07-14T17:27:55 IST">
  <testcase classname="testcases.ConnectorsTest" name="connectionTest" time="10.383"/>
  <testcase classname="testcases.ConnectorsTest" name="saveConnection" time="16.768"/>
  <testcase classname="testcases.ConnectorsTest" name="addQuery" time="11.393"/>
  <testcase classname="testcases.ConnectorsTest" name="connectionSaveApi" time="0.0">
    <ignored/>
  </testcase> <!-- connectionSaveApi -->
  <testcase classname="testcases.ConnectorsTest" name="connectionTestApi" time="0.0">
    <ignored/>
  </testcase> <!-- connectionTestApi -->
  <testcase classname="testcases.ConnectorsTest" name="connectionAddApi" time="0.0">
    <ignored/>
  </testcase> <!-- connectionAddApi -->
</testsuite> <!-- postgre -->
